<component name="libraryTable">
  <library name="junit-jupiter-api-5.0.0">
    <CLASSES>
      <root url="jar://$USER_HOME$/IdeaProjects/CSE222Project/lib/junit-jupiter-api-5.0.0.jar!/" />
      <root url="jar://$USER_HOME$/IdeaProjects/CSE222Project/lib/junit-platform-commons-1.0.0.jar!/" />
      <root url="jar://$USER_HOME$/IdeaProjects/CSE222Project/lib/opentest4j-1.0.0.jar!/" />
    </CLASSES>
    <JAVADOC />
    <SOURCES />
  </library>
</component>